{"uid":"47ff1c1e9d48a1a9","name":"test_signup_password_complexity[password123!-Missing uppercase]","fullName":"tests.test_signup.TestSignup#test_signup_password_complexity","historyId":"7d8826573cf33c86624069c9595e62f8","time":{"start":1769572328017,"stop":1769572328380,"duration":363},"description":"Verify API rejects weak passwords when frontend validation is bypassed (Postman, curl, etc.).","descriptionHtml":"<p>Verify API rejects weak passwords when frontend validation is bypassed (Postman, curl, etc.).</p>\n","status":"skipped","statusMessage":"XFAIL Known Bug [API-003]: Critical Security Bug: API crashes (500) with weak passwords when frontend is bypassed\n\nAssertionError: Expected 400 for Missing uppercase, got 500\nassert 500 == 400\n +  where 500 = <APIResponse url='https://eks-dev-lb.shadhinlab.xyz/api/authentication/signup/' status=500 status_text='Internal Server Error'>.status","statusTrace":"tests/test_signup.py:121: in test_signup_password_complexity\n    assert response.status == 400, f\"Expected 400 for {reason}, got {response.status}\"\nE   AssertionError: Expected 400 for Missing uppercase, got 500\nE   assert 500 == 400\nE    +  where 500 = <APIResponse url='https://eks-dev-lb.shadhinlab.xyz/api/authentication/signup/' status=500 status_text='Internal Server Error'>.status","flaky":false,"newFailed":false,"newBroken":false,"newPassed":false,"retriesCount":0,"retriesStatusChange":false,"beforeStages":[{"name":"base_url","time":{"start":1769572325050,"stop":1769572325051,"duration":1},"status":"passed","steps":[],"attachments":[],"parameters":[],"shouldDisplayMessage":false,"stepsCount":0,"attachmentsCount":0,"hasContent":false,"attachmentStep":false},{"name":"_verify_url","time":{"start":1769572325051,"stop":1769572325052,"duration":1},"status":"passed","steps":[],"attachments":[],"parameters":[],"shouldDisplayMessage":false,"stepsCount":0,"attachmentsCount":0,"hasContent":false,"attachmentStep":false},{"name":"_session_faker","time":{"start":1769572325052,"stop":1769572325055,"duration":3},"status":"passed","steps":[],"attachments":[],"parameters":[],"shouldDisplayMessage":false,"stepsCount":0,"attachmentsCount":0,"hasContent":false,"attachmentStep":false},{"name":"delete_output_dir","time":{"start":1769572325055,"stop":1769572325056,"duration":1},"status":"passed","steps":[],"attachments":[],"parameters":[],"shouldDisplayMessage":false,"stepsCount":0,"attachmentsCount":0,"hasContent":false,"attachmentStep":false},{"name":"pytestconfig","time":{"start":1769572325055,"stop":1769572325055,"duration":0},"status":"passed","steps":[],"attachments":[],"parameters":[],"shouldDisplayMessage":false,"stepsCount":0,"attachmentsCount":0,"hasContent":false,"attachmentStep":false},{"name":"playwright","time":{"start":1769572325056,"stop":1769572325546,"duration":490},"status":"passed","steps":[],"attachments":[],"parameters":[],"shouldDisplayMessage":false,"stepsCount":0,"attachmentsCount":0,"hasContent":false,"attachmentStep":false},{"name":"print_configuration","time":{"start":1769572325056,"stop":1769572325056,"duration":0},"status":"passed","steps":[],"attachments":[],"parameters":[],"shouldDisplayMessage":false,"stepsCount":0,"attachmentsCount":0,"hasContent":false,"attachmentStep":false},{"name":"api_context","time":{"start":1769572325547,"stop":1769572325575,"duration":28},"status":"passed","steps":[],"attachments":[],"parameters":[],"shouldDisplayMessage":false,"stepsCount":0,"attachmentsCount":0,"hasContent":false,"attachmentStep":false},{"name":"signup_api","time":{"start":1769572325576,"stop":1769572325576,"duration":0},"status":"passed","steps":[],"attachments":[],"parameters":[],"shouldDisplayMessage":false,"stepsCount":0,"attachmentsCount":0,"hasContent":false,"attachmentStep":false},{"name":"test_logger","time":{"start":1769572328016,"stop":1769572328016,"duration":0},"status":"passed","steps":[],"attachments":[],"parameters":[],"shouldDisplayMessage":false,"stepsCount":0,"attachmentsCount":0,"hasContent":false,"attachmentStep":false}],"testStage":{"description":"Verify API rejects weak passwords when frontend validation is bypassed (Postman, curl, etc.).","status":"skipped","statusMessage":"XFAIL Known Bug [API-003]: Critical Security Bug: API crashes (500) with weak passwords when frontend is bypassed\n\nAssertionError: Expected 400 for Missing uppercase, got 500\nassert 500 == 400\n +  where 500 = <APIResponse url='https://eks-dev-lb.shadhinlab.xyz/api/authentication/signup/' status=500 status_text='Internal Server Error'>.status","statusTrace":"tests/test_signup.py:121: in test_signup_password_complexity\n    assert response.status == 400, f\"Expected 400 for {reason}, got {response.status}\"\nE   AssertionError: Expected 400 for Missing uppercase, got 500\nE   assert 500 == 400\nE    +  where 500 = <APIResponse url='https://eks-dev-lb.shadhinlab.xyz/api/authentication/signup/' status=500 status_text='Internal Server Error'>.status","steps":[],"attachments":[{"uid":"4f7800bd7cbb7632","name":"log","source":"4f7800bd7cbb7632.txt","type":"text/plain","size":223},{"uid":"359216ad9bd5e886","name":"stderr","source":"359216ad9bd5e886.txt","type":"text/plain","size":220}],"parameters":[],"shouldDisplayMessage":true,"stepsCount":0,"attachmentsCount":2,"hasContent":true,"attachmentStep":false},"afterStages":[{"name":"test_logger::0","time":{"start":1769572328391,"stop":1769572328391,"duration":0},"status":"passed","steps":[],"attachments":[],"parameters":[],"shouldDisplayMessage":false,"stepsCount":0,"attachmentsCount":0,"hasContent":false,"attachmentStep":false},{"name":"api_context::0","time":{"start":1769572331532,"stop":1769572331538,"duration":6},"status":"passed","steps":[],"attachments":[],"parameters":[],"shouldDisplayMessage":false,"stepsCount":0,"attachmentsCount":0,"hasContent":false,"attachmentStep":false},{"name":"playwright::0","time":{"start":1769572331538,"stop":1769572331546,"duration":8},"status":"passed","steps":[],"attachments":[],"parameters":[],"shouldDisplayMessage":false,"stepsCount":0,"attachmentsCount":0,"hasContent":false,"attachmentStep":false}],"labels":[{"name":"feature","value":"Authentication"},{"name":"story","value":"User Signup"},{"name":"parentSuite","value":"tests"},{"name":"suite","value":"test_signup"},{"name":"subSuite","value":"TestSignup"},{"name":"host","value":"runnervmymu0l"},{"name":"thread","value":"3121-MainThread"},{"name":"framework","value":"pytest"},{"name":"language","value":"cpython3"},{"name":"package","value":"tests.test_signup"},{"name":"resultFormat","value":"allure2"}],"parameters":[{"name":"password","value":"'password123!'"},{"name":"reason","value":"'Missing uppercase'"}],"links":[{"name":"Bug: API-003","url":"API-003","type":"issue"}],"hidden":false,"retry":false,"extra":{"severity":"normal","retries":[],"categories":[],"tags":[]},"source":"47ff1c1e9d48a1a9.json","parameterValues":["'password123!'","'Missing uppercase'"]}