{"uid":"9980f718345b5127","name":"test_signup_name_validation_failures[User -Trailing space]","fullName":"tests.test_signup.TestSignup#test_signup_name_validation_failures","historyId":"163022b5c176f5cb521d1ff46ece9690","time":{"start":1769572326346,"stop":1769572327297,"duration":951},"description":"Verify API rejects invalid names when frontend validation is bypassed (Postman, curl, etc.).","descriptionHtml":"<p>Verify API rejects invalid names when frontend validation is bypassed (Postman, curl, etc.).</p>\n","status":"skipped","statusMessage":"XFAIL Known Bug [API-001]: Security Issue: API lacks name validation - accepts invalid names when frontend is bypassed\n\nAssertionError: Expected 400 for Trailing space, got 201\nassert 201 == 400\n +  where 201 = <APIResponse url='https://eks-dev-lb.shadhinlab.xyz/api/authentication/signup/' status=201 status_text='Created'>.status","statusTrace":"tests/test_signup.py:84: in test_signup_name_validation_failures\n    assert response.status == 400, f\"Expected 400 for {reason}, got {response.status}\"\nE   AssertionError: Expected 400 for Trailing space, got 201\nE   assert 201 == 400\nE    +  where 201 = <APIResponse url='https://eks-dev-lb.shadhinlab.xyz/api/authentication/signup/' status=201 status_text='Created'>.status","flaky":false,"newFailed":false,"newBroken":false,"newPassed":false,"retriesCount":0,"retriesStatusChange":false,"beforeStages":[{"name":"base_url","time":{"start":1769572325051,"stop":1769572325052,"duration":1},"status":"passed","steps":[],"attachments":[],"parameters":[],"shouldDisplayMessage":false,"stepsCount":0,"attachmentsCount":0,"hasContent":false,"attachmentStep":false},{"name":"_session_faker","time":{"start":1769572325052,"stop":1769572325055,"duration":3},"status":"passed","steps":[],"attachments":[],"parameters":[],"shouldDisplayMessage":false,"stepsCount":0,"attachmentsCount":0,"hasContent":false,"attachmentStep":false},{"name":"_verify_url","time":{"start":1769572325052,"stop":1769572325052,"duration":0},"status":"passed","steps":[],"attachments":[],"parameters":[],"shouldDisplayMessage":false,"stepsCount":0,"attachmentsCount":0,"hasContent":false,"attachmentStep":false},{"name":"print_configuration","time":{"start":1769572325056,"stop":1769572325057,"duration":1},"status":"passed","steps":[],"attachments":[],"parameters":[],"shouldDisplayMessage":false,"stepsCount":0,"attachmentsCount":0,"hasContent":false,"attachmentStep":false},{"name":"pytestconfig","time":{"start":1769572325056,"stop":1769572325056,"duration":0},"status":"passed","steps":[],"attachments":[],"parameters":[],"shouldDisplayMessage":false,"stepsCount":0,"attachmentsCount":0,"hasContent":false,"attachmentStep":false},{"name":"delete_output_dir","time":{"start":1769572325056,"stop":1769572325056,"duration":0},"status":"passed","steps":[],"attachments":[],"parameters":[],"shouldDisplayMessage":false,"stepsCount":0,"attachmentsCount":0,"hasContent":false,"attachmentStep":false},{"name":"playwright","time":{"start":1769572325057,"stop":1769572325538,"duration":481},"status":"passed","steps":[],"attachments":[],"parameters":[],"shouldDisplayMessage":false,"stepsCount":0,"attachmentsCount":0,"hasContent":false,"attachmentStep":false},{"name":"api_context","time":{"start":1769572325539,"stop":1769572325570,"duration":31},"status":"passed","steps":[],"attachments":[],"parameters":[],"shouldDisplayMessage":false,"stepsCount":0,"attachmentsCount":0,"hasContent":false,"attachmentStep":false},{"name":"signup_api","time":{"start":1769572325571,"stop":1769572325571,"duration":0},"status":"passed","steps":[],"attachments":[],"parameters":[],"shouldDisplayMessage":false,"stepsCount":0,"attachmentsCount":0,"hasContent":false,"attachmentStep":false},{"name":"test_logger","time":{"start":1769572326345,"stop":1769572326345,"duration":0},"status":"passed","steps":[],"attachments":[],"parameters":[],"shouldDisplayMessage":false,"stepsCount":0,"attachmentsCount":0,"hasContent":false,"attachmentStep":false}],"testStage":{"description":"Verify API rejects invalid names when frontend validation is bypassed (Postman, curl, etc.).","status":"skipped","statusMessage":"XFAIL Known Bug [API-001]: Security Issue: API lacks name validation - accepts invalid names when frontend is bypassed\n\nAssertionError: Expected 400 for Trailing space, got 201\nassert 201 == 400\n +  where 201 = <APIResponse url='https://eks-dev-lb.shadhinlab.xyz/api/authentication/signup/' status=201 status_text='Created'>.status","statusTrace":"tests/test_signup.py:84: in test_signup_name_validation_failures\n    assert response.status == 400, f\"Expected 400 for {reason}, got {response.status}\"\nE   AssertionError: Expected 400 for Trailing space, got 201\nE   assert 201 == 400\nE    +  where 201 = <APIResponse url='https://eks-dev-lb.shadhinlab.xyz/api/authentication/signup/' status=201 status_text='Created'>.status","steps":[],"attachments":[{"uid":"d42bba046ae883b2","name":"log","source":"d42bba046ae883b2.txt","type":"text/plain","size":213},{"uid":"e8f2a4d0c91676d0","name":"stderr","source":"e8f2a4d0c91676d0.txt","type":"text/plain","size":210}],"parameters":[],"shouldDisplayMessage":true,"stepsCount":0,"attachmentsCount":2,"hasContent":true,"attachmentStep":false},"afterStages":[{"name":"test_logger::0","time":{"start":1769572327303,"stop":1769572327304,"duration":1},"status":"passed","steps":[],"attachments":[],"parameters":[],"shouldDisplayMessage":false,"stepsCount":0,"attachmentsCount":0,"hasContent":false,"attachmentStep":false},{"name":"api_context::0","time":{"start":1769572333784,"stop":1769572333789,"duration":5},"status":"passed","steps":[],"attachments":[],"parameters":[],"shouldDisplayMessage":false,"stepsCount":0,"attachmentsCount":0,"hasContent":false,"attachmentStep":false},{"name":"playwright::0","time":{"start":1769572333790,"stop":1769572333798,"duration":8},"status":"passed","steps":[],"attachments":[],"parameters":[],"shouldDisplayMessage":false,"stepsCount":0,"attachmentsCount":0,"hasContent":false,"attachmentStep":false}],"labels":[{"name":"feature","value":"Authentication"},{"name":"story","value":"User Signup"},{"name":"parentSuite","value":"tests"},{"name":"suite","value":"test_signup"},{"name":"subSuite","value":"TestSignup"},{"name":"host","value":"runnervmymu0l"},{"name":"thread","value":"3112-MainThread"},{"name":"framework","value":"pytest"},{"name":"language","value":"cpython3"},{"name":"package","value":"tests.test_signup"},{"name":"resultFormat","value":"allure2"}],"parameters":[{"name":"invalid_name","value":"'User '"},{"name":"reason","value":"'Trailing space'"}],"links":[{"name":"Bug: API-001","url":"API-001","type":"issue"}],"hidden":false,"retry":false,"extra":{"severity":"normal","retries":[],"categories":[],"tags":[]},"source":"9980f718345b5127.json","parameterValues":["'User '","'Trailing space'"]}