{"uid":"c5b115c07bd903ce","name":"test_signup_name_validation_failures[User!-Ends with special char]","fullName":"tests.test_signup.TestSignup#test_signup_name_validation_failures","historyId":"ac97a03c5c286b15c6b5ab48c341d6bb","time":{"start":1769572325580,"stop":1769572326972,"duration":1392},"description":"Verify API rejects invalid names when frontend validation is bypassed (Postman, curl, etc.).","descriptionHtml":"<p>Verify API rejects invalid names when frontend validation is bypassed (Postman, curl, etc.).</p>\n","status":"skipped","statusMessage":"XFAIL Known Bug [API-001]: Security Issue: API lacks name validation - accepts invalid names when frontend is bypassed\n\nAssertionError: Expected 400 for Ends with special char, got 201\nassert 201 == 400\n +  where 201 = <APIResponse url='https://eks-dev-lb.shadhinlab.xyz/api/authentication/signup/' status=201 status_text='Created'>.status","statusTrace":"tests/test_signup.py:84: in test_signup_name_validation_failures\n    assert response.status == 400, f\"Expected 400 for {reason}, got {response.status}\"\nE   AssertionError: Expected 400 for Ends with special char, got 201\nE   assert 201 == 400\nE    +  where 201 = <APIResponse url='https://eks-dev-lb.shadhinlab.xyz/api/authentication/signup/' status=201 status_text='Created'>.status","flaky":false,"newFailed":false,"newBroken":false,"newPassed":false,"retriesCount":0,"retriesStatusChange":false,"beforeStages":[{"name":"base_url","time":{"start":1769572325050,"stop":1769572325051,"duration":1},"status":"passed","steps":[],"attachments":[],"parameters":[],"shouldDisplayMessage":false,"stepsCount":0,"attachmentsCount":0,"hasContent":false,"attachmentStep":false},{"name":"_verify_url","time":{"start":1769572325051,"stop":1769572325052,"duration":1},"status":"passed","steps":[],"attachments":[],"parameters":[],"shouldDisplayMessage":false,"stepsCount":0,"attachmentsCount":0,"hasContent":false,"attachmentStep":false},{"name":"_session_faker","time":{"start":1769572325052,"stop":1769572325055,"duration":3},"status":"passed","steps":[],"attachments":[],"parameters":[],"shouldDisplayMessage":false,"stepsCount":0,"attachmentsCount":0,"hasContent":false,"attachmentStep":false},{"name":"delete_output_dir","time":{"start":1769572325055,"stop":1769572325056,"duration":1},"status":"passed","steps":[],"attachments":[],"parameters":[],"shouldDisplayMessage":false,"stepsCount":0,"attachmentsCount":0,"hasContent":false,"attachmentStep":false},{"name":"pytestconfig","time":{"start":1769572325055,"stop":1769572325055,"duration":0},"status":"passed","steps":[],"attachments":[],"parameters":[],"shouldDisplayMessage":false,"stepsCount":0,"attachmentsCount":0,"hasContent":false,"attachmentStep":false},{"name":"playwright","time":{"start":1769572325056,"stop":1769572325546,"duration":490},"status":"passed","steps":[],"attachments":[],"parameters":[],"shouldDisplayMessage":false,"stepsCount":0,"attachmentsCount":0,"hasContent":false,"attachmentStep":false},{"name":"print_configuration","time":{"start":1769572325056,"stop":1769572325056,"duration":0},"status":"passed","steps":[],"attachments":[],"parameters":[],"shouldDisplayMessage":false,"stepsCount":0,"attachmentsCount":0,"hasContent":false,"attachmentStep":false},{"name":"api_context","time":{"start":1769572325547,"stop":1769572325575,"duration":28},"status":"passed","steps":[],"attachments":[],"parameters":[],"shouldDisplayMessage":false,"stepsCount":0,"attachmentsCount":0,"hasContent":false,"attachmentStep":false},{"name":"signup_api","time":{"start":1769572325576,"stop":1769572325576,"duration":0},"status":"passed","steps":[],"attachments":[],"parameters":[],"shouldDisplayMessage":false,"stepsCount":0,"attachmentsCount":0,"hasContent":false,"attachmentStep":false},{"name":"test_logger","time":{"start":1769572325576,"stop":1769572325577,"duration":1},"status":"passed","steps":[],"attachments":[],"parameters":[],"shouldDisplayMessage":false,"stepsCount":0,"attachmentsCount":0,"hasContent":false,"attachmentStep":false}],"testStage":{"description":"Verify API rejects invalid names when frontend validation is bypassed (Postman, curl, etc.).","status":"skipped","statusMessage":"XFAIL Known Bug [API-001]: Security Issue: API lacks name validation - accepts invalid names when frontend is bypassed\n\nAssertionError: Expected 400 for Ends with special char, got 201\nassert 201 == 400\n +  where 201 = <APIResponse url='https://eks-dev-lb.shadhinlab.xyz/api/authentication/signup/' status=201 status_text='Created'>.status","statusTrace":"tests/test_signup.py:84: in test_signup_name_validation_failures\n    assert response.status == 400, f\"Expected 400 for {reason}, got {response.status}\"\nE   AssertionError: Expected 400 for Ends with special char, got 201\nE   assert 201 == 400\nE    +  where 201 = <APIResponse url='https://eks-dev-lb.shadhinlab.xyz/api/authentication/signup/' status=201 status_text='Created'>.status","steps":[],"attachments":[{"uid":"ba79c7808b766ebd","name":"log","source":"ba79c7808b766ebd.txt","type":"text/plain","size":332},{"uid":"548d38e5f5f76995","name":"stdout","source":"548d38e5f5f76995.txt","type":"text/plain","size":327},{"uid":"2f1b9d5786ec833d","name":"stderr","source":"2f1b9d5786ec833d.txt","type":"text/plain","size":327}],"parameters":[],"shouldDisplayMessage":true,"stepsCount":0,"attachmentsCount":3,"hasContent":true,"attachmentStep":false},"afterStages":[{"name":"test_logger::0","time":{"start":1769572326980,"stop":1769572326980,"duration":0},"status":"passed","steps":[],"attachments":[],"parameters":[],"shouldDisplayMessage":false,"stepsCount":0,"attachmentsCount":0,"hasContent":false,"attachmentStep":false},{"name":"api_context::0","time":{"start":1769572331532,"stop":1769572331538,"duration":6},"status":"passed","steps":[],"attachments":[],"parameters":[],"shouldDisplayMessage":false,"stepsCount":0,"attachmentsCount":0,"hasContent":false,"attachmentStep":false},{"name":"playwright::0","time":{"start":1769572331538,"stop":1769572331546,"duration":8},"status":"passed","steps":[],"attachments":[],"parameters":[],"shouldDisplayMessage":false,"stepsCount":0,"attachmentsCount":0,"hasContent":false,"attachmentStep":false}],"labels":[{"name":"feature","value":"Authentication"},{"name":"story","value":"User Signup"},{"name":"parentSuite","value":"tests"},{"name":"suite","value":"test_signup"},{"name":"subSuite","value":"TestSignup"},{"name":"host","value":"runnervmymu0l"},{"name":"thread","value":"3121-MainThread"},{"name":"framework","value":"pytest"},{"name":"language","value":"cpython3"},{"name":"package","value":"tests.test_signup"},{"name":"resultFormat","value":"allure2"}],"parameters":[{"name":"invalid_name","value":"'User!'"},{"name":"reason","value":"'Ends with special char'"}],"links":[{"name":"Bug: API-001","url":"API-001","type":"issue"}],"hidden":false,"retry":false,"extra":{"severity":"normal","retries":[],"categories":[],"tags":[]},"source":"c5b115c07bd903ce.json","parameterValues":["'User!'","'Ends with special char'"]}