{"uid":"c669004d027966ef","name":"test_signup_name_validation_failures[@User-Starts with special char]","fullName":"tests.test_signup.TestSignup#test_signup_name_validation_failures","historyId":"bd29367fd3bf2756b7b8e3e1500bf5f4","time":{"start":1769572326964,"stop":1769572327836,"duration":872},"description":"Verify API rejects invalid names when frontend validation is bypassed (Postman, curl, etc.).","descriptionHtml":"<p>Verify API rejects invalid names when frontend validation is bypassed (Postman, curl, etc.).</p>\n","status":"skipped","statusMessage":"XFAIL Known Bug [API-001]: Security Issue: API lacks name validation - accepts invalid names when frontend is bypassed\n\nAssertionError: Expected 400 for Starts with special char, got 201\nassert 201 == 400\n +  where 201 = <APIResponse url='https://eks-dev-lb.shadhinlab.xyz/api/authentication/signup/' status=201 status_text='Created'>.status","statusTrace":"tests/test_signup.py:84: in test_signup_name_validation_failures\n    assert response.status == 400, f\"Expected 400 for {reason}, got {response.status}\"\nE   AssertionError: Expected 400 for Starts with special char, got 201\nE   assert 201 == 400\nE    +  where 201 = <APIResponse url='https://eks-dev-lb.shadhinlab.xyz/api/authentication/signup/' status=201 status_text='Created'>.status","flaky":false,"newFailed":false,"newBroken":false,"newPassed":false,"retriesCount":0,"retriesStatusChange":false,"beforeStages":[{"name":"base_url","time":{"start":1769572325050,"stop":1769572325051,"duration":1},"status":"passed","steps":[],"attachments":[],"parameters":[],"shouldDisplayMessage":false,"stepsCount":0,"attachmentsCount":0,"hasContent":false,"attachmentStep":false},{"name":"_verify_url","time":{"start":1769572325051,"stop":1769572325052,"duration":1},"status":"passed","steps":[],"attachments":[],"parameters":[],"shouldDisplayMessage":false,"stepsCount":0,"attachmentsCount":0,"hasContent":false,"attachmentStep":false},{"name":"_session_faker","time":{"start":1769572325052,"stop":1769572325056,"duration":4},"status":"passed","steps":[],"attachments":[],"parameters":[],"shouldDisplayMessage":false,"stepsCount":0,"attachmentsCount":0,"hasContent":false,"attachmentStep":false},{"name":"pytestconfig","time":{"start":1769572325056,"stop":1769572325056,"duration":0},"status":"passed","steps":[],"attachments":[],"parameters":[],"shouldDisplayMessage":false,"stepsCount":0,"attachmentsCount":0,"hasContent":false,"attachmentStep":false},{"name":"print_configuration","time":{"start":1769572325057,"stop":1769572325057,"duration":0},"status":"passed","steps":[],"attachments":[],"parameters":[],"shouldDisplayMessage":false,"stepsCount":0,"attachmentsCount":0,"hasContent":false,"attachmentStep":false},{"name":"delete_output_dir","time":{"start":1769572325057,"stop":1769572325057,"duration":0},"status":"passed","steps":[],"attachments":[],"parameters":[],"shouldDisplayMessage":false,"stepsCount":0,"attachmentsCount":0,"hasContent":false,"attachmentStep":false},{"name":"playwright","time":{"start":1769572325058,"stop":1769572325552,"duration":494},"status":"passed","steps":[],"attachments":[],"parameters":[],"shouldDisplayMessage":false,"stepsCount":0,"attachmentsCount":0,"hasContent":false,"attachmentStep":false},{"name":"api_context","time":{"start":1769572325552,"stop":1769572325581,"duration":29},"status":"passed","steps":[],"attachments":[],"parameters":[],"shouldDisplayMessage":false,"stepsCount":0,"attachmentsCount":0,"hasContent":false,"attachmentStep":false},{"name":"signup_api","time":{"start":1769572325582,"stop":1769572325582,"duration":0},"status":"passed","steps":[],"attachments":[],"parameters":[],"shouldDisplayMessage":false,"stepsCount":0,"attachmentsCount":0,"hasContent":false,"attachmentStep":false},{"name":"test_logger","time":{"start":1769572326963,"stop":1769572326963,"duration":0},"status":"passed","steps":[],"attachments":[],"parameters":[],"shouldDisplayMessage":false,"stepsCount":0,"attachmentsCount":0,"hasContent":false,"attachmentStep":false}],"testStage":{"description":"Verify API rejects invalid names when frontend validation is bypassed (Postman, curl, etc.).","status":"skipped","statusMessage":"XFAIL Known Bug [API-001]: Security Issue: API lacks name validation - accepts invalid names when frontend is bypassed\n\nAssertionError: Expected 400 for Starts with special char, got 201\nassert 201 == 400\n +  where 201 = <APIResponse url='https://eks-dev-lb.shadhinlab.xyz/api/authentication/signup/' status=201 status_text='Created'>.status","statusTrace":"tests/test_signup.py:84: in test_signup_name_validation_failures\n    assert response.status == 400, f\"Expected 400 for {reason}, got {response.status}\"\nE   AssertionError: Expected 400 for Starts with special char, got 201\nE   assert 201 == 400\nE    +  where 201 = <APIResponse url='https://eks-dev-lb.shadhinlab.xyz/api/authentication/signup/' status=201 status_text='Created'>.status","steps":[],"attachments":[{"uid":"11fedb52ada0fc24","name":"log","source":"11fedb52ada0fc24.txt","type":"text/plain","size":233},{"uid":"9f967d4d85d2e24e","name":"stderr","source":"9f967d4d85d2e24e.txt","type":"text/plain","size":230}],"parameters":[],"shouldDisplayMessage":true,"stepsCount":0,"attachmentsCount":2,"hasContent":true,"attachmentStep":false},"afterStages":[{"name":"test_logger::0","time":{"start":1769572327842,"stop":1769572327842,"duration":0},"status":"passed","steps":[],"attachments":[],"parameters":[],"shouldDisplayMessage":false,"stepsCount":0,"attachmentsCount":0,"hasContent":false,"attachmentStep":false},{"name":"api_context::0","time":{"start":1769572331002,"stop":1769572331007,"duration":5},"status":"passed","steps":[],"attachments":[],"parameters":[],"shouldDisplayMessage":false,"stepsCount":0,"attachmentsCount":0,"hasContent":false,"attachmentStep":false},{"name":"playwright::0","time":{"start":1769572331008,"stop":1769572331015,"duration":7},"status":"passed","steps":[],"attachments":[],"parameters":[],"shouldDisplayMessage":false,"stepsCount":0,"attachmentsCount":0,"hasContent":false,"attachmentStep":false}],"labels":[{"name":"feature","value":"Authentication"},{"name":"story","value":"User Signup"},{"name":"parentSuite","value":"tests"},{"name":"suite","value":"test_signup"},{"name":"subSuite","value":"TestSignup"},{"name":"host","value":"runnervmymu0l"},{"name":"thread","value":"3118-MainThread"},{"name":"framework","value":"pytest"},{"name":"language","value":"cpython3"},{"name":"package","value":"tests.test_signup"},{"name":"resultFormat","value":"allure2"}],"parameters":[{"name":"invalid_name","value":"'@User'"},{"name":"reason","value":"'Starts with special char'"}],"links":[{"name":"Bug: API-001","url":"API-001","type":"issue"}],"hidden":false,"retry":false,"extra":{"severity":"normal","retries":[],"categories":[],"tags":[]},"source":"c669004d027966ef.json","parameterValues":["'@User'","'Starts with special char'"]}